<?xml version="1.0" encoding="UTF-8"?>
<testsuite name="edu.touro.mco152.bm.DiskWorkerTest" tests="3" skipped="0" failures="0" errors="0" timestamp="2020-10-19T03:46:45" hostname="DESKTOP-SN41QP7" time="0.006">
  <properties/>
  <testcase name="process()" classname="edu.touro.mco152.bm.DiskWorkerTest" time="0.0"/>
  <testcase name="doInBackground()" classname="edu.touro.mco152.bm.DiskWorkerTest" time="0.0"/>
  <testcase name="done()" classname="edu.touro.mco152.bm.DiskWorkerTest" time="0.005"/>
  <system-out><![CDATA[]]></system-out>
  <system-err><![CDATA[]]></system-err>
</testsuite>
